<?xml version="1.0" encoding="UTF-8"?>
<testsuite name="com.onelifedev.janaaharserver.JanaaharServerApplicationTests" tests="1" skipped="0" failures="0" errors="0" timestamp="2023-08-26T10:30:11" hostname="Akhileshs-MacBook-Pro.local" time="0.512">
  <properties/>
  <testcase name="testGetRestaurantByIdNotFound()" classname="com.onelifedev.janaaharserver.JanaaharServerApplicationTests" time="0.512"/>
  <system-out><![CDATA[16:00:10.985 [Test worker] INFO org.springframework.test.context.support.AnnotationConfigContextLoaderUtils -- Could not detect default configuration classes for test class [com.onelifedev.janaaharserver.JanaaharServerApplicationTests]: JanaaharServerApplicationTests does not declare any static, non-private, non-final, nested classes annotated with @Configuration.
16:00:11.026 [Test worker] INFO org.springframework.boot.test.context.SpringBootTestContextBootstrapper -- Found @SpringBootConfiguration com.onelifedev.janaaharserver.JanaaharServerApplication for test class com.onelifedev.janaaharserver.JanaaharServerApplicationTests

  .   ____          _            __ _ _
 /\\ / ___'_ __ _ _(_)_ __  __ _ \ \ \ \
( ( )\___ | '_ | '_| | '_ \/ _` | \ \ \ \
 \\/  ___)| |_)| | | | | || (_| |  ) ) ) )
  '  |____| .__|_| |_|_| |_\__, | / / / /
 =========|_|==============|___/=/_/_/_/
 :: Spring Boot ::                (v3.1.2)

2023-08-26T16:00:11.181+05:30  INFO 17921 --- [    Test worker] c.o.j.JanaaharServerApplicationTests     : Starting JanaaharServerApplicationTests using Java 17.0.8 with PID 17921 (started by akhilesh in /Users/akhilesh/Projects/Spring Boot/janaahar-server)
2023-08-26T16:00:11.182+05:30  INFO 17921 --- [    Test worker] c.o.j.JanaaharServerApplicationTests     : No active profile set, falling back to 1 default profile: "default"
2023-08-26T16:00:11.669+05:30  INFO 17921 --- [    Test worker] c.o.j.JanaaharServerApplicationTests     : Started JanaaharServerApplicationTests in 0.586 seconds (process running for 1.034)
]]></system-out>
  <system-err><![CDATA[]]></system-err>
</testsuite>
